# JRE version: OpenJDK Runtime Environment Microsoft-9889599 (17.0.12+7) (build 17.0.12+7-LTS)
# Java VM: OpenJDK 64-Bit Server VM Microsoft-9889599 (17.0.12+7-LTS, mixed mode, sharing, tiered, compressed oops, compressed class ptrs, g1 gc, windows-amd64)
GC Precious Log:
 CPUs: 8 total, 8 available
 Memory: 7934M
 Large Page Support: Disabled
 NUMA Support: Disabled
 Compressed Oops: Enabled (32-bit)
 Heap Region Size: 1M
 Heap Min Capacity: 8M
 Heap Initial Capacity: 124M
 Heap Max Capacity: 2G
 Pre-touch: Disabled
 Parallel Workers: 8
 Concurrent Workers: 2
 Concurrent Refinement Workers: 8
 Periodic GC: Disabled
Heap:
 garbage-first heap   total 245760K, used 179737K [0x0000000080000000, 0x0000000100000000)
  region size 1024K, 5 young (5120K), 5 survivors (5120K)
 Metaspace       used 109527K, committed 110912K, reserved 557056K
  class space    used 15353K, committed 16000K, reserved 425984K
GC Heap History (20 events):
Event: 76.555 GC heap after
{Heap after GC invocations=47 (full 0):
 garbage-first heap   total 190464K, used 132354K [0x0000000080000000, 0x0000000100000000)
  region size 1024K, 3 young (3072K), 3 survivors (3072K)
 Metaspace       used 100481K, committed 101568K, reserved 557056K
  class space    used 14045K, committed 14528K, reserved 425984K
}
Event: 77.636 GC heap before
{Heap before GC invocations=48 (full 0):
 garbage-first heap   total 245760K, used 160002K [0x0000000080000000, 0x0000000100000000)
  region size 1024K, 30 young (30720K), 3 survivors (3072K)
 Metaspace       used 101926K, committed 103040K, reserved 557056K
  class space    used 14296K, committed 14848K, reserved 425984K
}
Event: 77.644 GC heap after
{Heap after GC invocations=49 (full 0):
 garbage-first heap   total 245760K, used 133235K [0x0000000080000000, 0x0000000100000000)
  region size 1024K, 3 young (3072K), 3 survivors (3072K)
 Metaspace       used 101926K, committed 103040K, reserved 557056K
  class space    used 14296K, committed 14848K, reserved 425984K
}
Event: 77.873 GC heap before
{Heap before GC invocations=49 (full 0):
 garbage-first heap   total 245760K, used 141427K [0x0000000080000000, 0x0000000100000000)
  region size 1024K, 12 young (12288K), 3 survivors (3072K)
 Metaspace       used 102527K, committed 103616K, reserved 557056K
  class space    used 14357K, committed 14848K, reserved 425984K
}
Event: 77.889 GC heap after
{Heap after GC invocations=50 (full 0):
 garbage-first heap   total 245760K, used 130492K [0x0000000080000000, 0x0000000100000000)
  region size 1024K, 1 young (1024K), 1 survivors (1024K)
 Metaspace       used 102527K, committed 103616K, reserved 557056K
  class space    used 14357K, committed 14848K, reserved 425984K
}
Event: 92.286 GC heap before
{Heap before GC invocations=50 (full 0):
 garbage-first heap   total 245760K, used 208316K [0x0000000080000000, 0x0000000100000000)
  region size 1024K, 77 young (78848K), 1 survivors (1024K)
 Metaspace       used 105591K, committed 106752K, reserved 557056K
  class space    used 14776K, committed 15296K, reserved 425984K
}
Event: 92.300 GC heap after
{Heap after GC invocations=51 (full 0):
 garbage-first heap   total 245760K, used 134533K [0x0000000080000000, 0x0000000100000000)
  region size 1024K, 5 young (5120K), 5 survivors (5120K)
 Metaspace       used 105591K, committed 106752K, reserved 557056K
  class space    used 14776K, committed 15296K, reserved 425984K
}
Event: 99.116 GC heap before
{Heap before GC invocations=52 (full 0):
 garbage-first heap   total 245760K, used 208261K [0x0000000080000000, 0x0000000100000000)
  region size 1024K, 77 young (78848K), 5 survivors (5120K)
 Metaspace       used 107577K, committed 108800K, reserved 557056K
  class space    used 15120K, committed 15680K, reserved 425984K
}
Event: 99.136 GC heap after
{Heap after GC invocations=53 (full 0):
 garbage-first heap   total 245760K, used 142534K [0x0000000080000000, 0x0000000100000000)
  region size 1024K, 10 young (10240K), 10 survivors (10240K)
 Metaspace       used 107577K, committed 108800K, reserved 557056K
  class space    used 15120K, committed 15680K, reserved 425984K
}
Event: 99.169 GC heap before
{Heap before GC invocations=53 (full 0):
 garbage-first heap   total 245760K, used 144582K [0x0000000080000000, 0x0000000100000000)
  region size 1024K, 12 young (12288K), 10 survivors (10240K)
 Metaspace       used 107696K, committed 108864K, reserved 557056K
  class space    used 15136K, committed 15680K, reserved 425984K
}
Event: 99.193 GC heap after
{Heap after GC invocations=54 (full 0):
 garbage-first heap   total 245760K, used 142978K [0x0000000080000000, 0x0000000100000000)
  region size 1024K, 2 young (2048K), 2 survivors (2048K)
 Metaspace       used 107696K, committed 108864K, reserved 557056K
  class space    used 15136K, committed 15680K, reserved 425984K
}
Event: 100.140 GC heap before
{Heap before GC invocations=54 (full 0):
 garbage-first heap   total 245760K, used 206466K [0x0000000080000000, 0x0000000100000000)
  region size 1024K, 64 young (65536K), 2 survivors (2048K)
 Metaspace       used 108328K, committed 109568K, reserved 557056K
  class space    used 15229K, committed 15808K, reserved 425984K
}
Event: 100.148 GC heap after
{Heap after GC invocations=55 (full 0):
 garbage-first heap   total 245760K, used 149094K [0x0000000080000000, 0x0000000100000000)
  region size 1024K, 8 young (8192K), 8 survivors (8192K)
 Metaspace       used 108328K, committed 109568K, reserved 557056K
  class space    used 15229K, committed 15808K, reserved 425984K
}
Event: 101.107 GC heap before
{Heap before GC invocations=55 (full 0):
 garbage-first heap   total 245760K, used 205414K [0x0000000080000000, 0x0000000100000000)
  region size 1024K, 63 young (64512K), 8 survivors (8192K)
 Metaspace       used 108731K, committed 110080K, reserved 557056K
  class space    used 15267K, committed 15872K, reserved 425984K
}
Event: 101.124 GC heap after
{Heap after GC invocations=56 (full 0):
 garbage-first heap   total 245760K, used 157812K [0x0000000080000000, 0x0000000100000000)
  region size 1024K, 8 young (8192K), 8 survivors (8192K)
 Metaspace       used 108731K, committed 110080K, reserved 557056K
  class space    used 15267K, committed 15872K, reserved 425984K
}
Event: 101.755 GC heap before
{Heap before GC invocations=56 (full 0):
 garbage-first heap   total 245760K, used 204916K [0x0000000080000000, 0x0000000100000000)
  region size 1024K, 54 young (55296K), 8 survivors (8192K)
 Metaspace       used 109146K, committed 110592K, reserved 557056K
  class space    used 15314K, committed 16000K, reserved 425984K
}
Event: 101.767 GC heap after
{Heap after GC invocations=57 (full 0):
 garbage-first heap   total 245760K, used 165888K [0x0000000080000000, 0x0000000100000000)
  region size 1024K, 7 young (7168K), 7 survivors (7168K)
 Metaspace       used 109146K, committed 110592K, reserved 557056K
  class space    used 15314K, committed 16000K, reserved 425984K
}
Event: 102.336 GC heap before
{Heap before GC invocations=57 (full 0):
 garbage-first heap   total 245760K, used 205824K [0x0000000080000000, 0x0000000100000000)
  region size 1024K, 46 young (47104K), 7 survivors (7168K)
 Metaspace       used 109345K, committed 110784K, reserved 557056K
  class space    used 15335K, committed 16000K, reserved 425984K
}
Event: 102.355 GC heap after
{Heap after GC invocations=58 (full 0):
 garbage-first heap   total 245760K, used 172838K [0x0000000080000000, 0x0000000100000000)
  region size 1024K, 6 young (6144K), 6 survivors (6144K)
 Metaspace       used 109345K, committed 110784K, reserved 557056K
  class space    used 15335K, committed 16000K, reserved 425984K
}
Event: 103.069 GC heap before
{Heap before GC invocations=58 (full 0):
 garbage-first heap   total 245760K, used 206630K [0x0000000080000000, 0x0000000100000000)
  region size 1024K, 39 young (39936K), 6 survivors (6144K)
 Metaspace       used 109527K, committed 110912K, reserved 557056K
  class space    used 15353K, committed 16000K, reserved 425984K
}

